{"name":"test001","id":"com.localhost.studentinfo.StudentCRUDTestWithSteps:test001","testCaseName":"com.localhost.studentinfo.StudentCRUDTestWithSteps","testSteps":[{"number":1,"description":"Creating student with firstName : xyzUser66932,lastName:abcUser93394,email:87075abc14@gmail.com,programmeApi Testing and courses: [cucumber, selenium]","duration":5736,"startTime":"2022-01-11T17:06:37.458Z[Europe/London]","result":"SUCCESS","precondition":false,"children":[{"number":2,"description":"POST http://localhost:8080/student\r\r","duration":0,"startTime":"2022-01-11T17:06:43.163Z[Europe/London]","result":"SUCCESS","restQuery":{"method":"POST","path":"http://localhost:8080/student\r\r","content":"{\n    \"firstName\": \"xyzUser66932\",\n    \"lastName\": \"abcUser93394\",\n    \"email\": \"87075abc14@gmail.com\",\n    \"programmer\": \"Api Testing\",\n    \"courses\": [\n        \"cucumber\",\n        \"selenium\"\n    ]\n}\r","contentType":"application/json","requestHeaders":"Accept\u003d*/*\r\n\t\t\t\tContent-Type\u003dapplication/json; charset\u003dUTF-8\r\r","requestCookies":"\r\r","responseHeaders":"Content-Type: application/json;charset\u003dUTF-8\nTransfer-Encoding: chunked\nDate: Tue, 11 Jan 2022 17:06:43 GMT\nConnection: close\r","responseCookies":"\r","responseBody":"{\n    \"error\": \"Please correct the following errors\",\n    \"fieldErrors\": {\n        \"programme\": \"may not be empty\"\n    }\n}","statusCode":500},"precondition":false}]}],"userStory":{"id":"com.localhost.studentinfo.StudentCRUDTestWithSteps","storyName":"Student CRUD test with steps","storyClassName":"com.localhost.studentinfo.StudentCRUDTestWithSteps","path":"com.localhost.studentinfo","type":"story"},"featureTag":{"name":"Studentinfo/Student CRUD test with steps","type":"story"},"title":"This will create a new student","tags":[{"name":"Studentinfo/Student CRUD test with steps","type":"story"}],"startTime":"2022-01-11T17:06:37.286Z[Europe/London]","duration":6033,"testFailureCause":{"errorType":"java.lang.AssertionError","message":"1 expectation failed.\nExpected status code \u003c200\u003e but was \u003c500\u003e.\n","stackTrace":[{"declaringClass":"io.restassured.internal.ResponseSpecificationImpl","methodName":"validateResponseIfRequired","fileName":"ResponseSpecificationImpl.groovy","lineNumber":636},{"declaringClass":"io.restassured.internal.ResponseSpecificationImpl","methodName":"statusCode","fileName":"ResponseSpecificationImpl.groovy","lineNumber":122},{"declaringClass":"io.restassured.internal.ResponseSpecificationImpl","methodName":"statusCode","fileName":"ResponseSpecificationImpl.groovy","lineNumber":130},{"declaringClass":"io.restassured.internal.ValidatableResponseOptionsImpl","methodName":"statusCode","fileName":"ValidatableResponseOptionsImpl.java","lineNumber":117},{"declaringClass":"com.localhost.studentinfo.StudentCRUDTestWithSteps","methodName":"test001","fileName":"StudentCRUDTestWithSteps.java","lineNumber":39}]},"testFailureClassname":"java.lang.AssertionError","testFailureMessage":"1 expectation failed.\nExpected status code \u003c200\u003e but was \u003c500\u003e.\n","testFailureSummary":"FAILURE;java.lang.AssertionError;1 expectation failed.\nExpected status code \u003c200\u003e but was \u003c500\u003e.\n;ResponseSpecificationImpl.groovy","projectKey":"","annotatedResult":"FAILURE","manual":false,"testSource":"JUnit","result":"FAILURE"}