{"name":"test003","id":"com.localhost.studentinfo.StudentCRUDTestWithSteps:test003","testCaseName":"com.localhost.studentinfo.StudentCRUDTestWithSteps","testSteps":[{"number":1,"description":"Updating student information with studentId: 0, firstName: xyzUser66932_updated, lastName: abcUser93394, email: 87075abc14@gmail.com, programme: Api Testing and courses: [cucumber, selenium]","duration":94,"startTime":"2022-01-11T17:06:44.992Z[Europe/London]","result":"SUCCESS","precondition":false,"children":[{"number":2,"description":"PUT http://localhost:8080/student/0\r\r","duration":0,"startTime":"2022-01-11T17:06:45.086Z[Europe/London]","result":"SUCCESS","restQuery":{"method":"PUT","path":"http://localhost:8080/student/0\r\r","content":"{\n    \"firstName\": \"xyzUser66932_updated\",\n    \"lastName\": \"abcUser93394\",\n    \"email\": \"87075abc14@gmail.com\",\n    \"programmer\": \"Api Testing\",\n    \"courses\": [\n        \"cucumber\",\n        \"selenium\"\n    ]\n}\r","contentType":"application/json","requestHeaders":"Accept\u003d*/*\r\n\t\t\t\tContent-Type\u003dapplication/json; charset\u003dUTF-8\r\r","requestCookies":"\r\r","responseHeaders":"Content-Type: application/json;charset\u003dUTF-8\nTransfer-Encoding: chunked\nDate: Tue, 11 Jan 2022 17:06:45 GMT\nConnection: close\r","responseCookies":"\r","responseBody":"{\n    \"error\": \"Please correct the following errors\",\n    \"fieldErrors\": {\n        \"programme\": \"may not be empty\"\n    }\n}","statusCode":500},"precondition":false}]}],"userStory":{"id":"com.localhost.studentinfo.StudentCRUDTestWithSteps","storyName":"Student CRUD test with steps","storyClassName":"com.localhost.studentinfo.StudentCRUDTestWithSteps","path":"com.localhost.studentinfo","type":"story"},"featureTag":{"name":"Studentinfo/Student CRUD test with steps","type":"story"},"title":"Update the user information and verify the updated information","tags":[{"name":"Studentinfo/Student CRUD test with steps","type":"story"}],"startTime":"2022-01-11T17:06:44.992Z[Europe/London]","duration":109,"testFailureCause":{"errorType":"java.lang.AssertionError","message":"1 expectation failed.\nExpected status code \u003c200\u003e but was \u003c500\u003e.\n","stackTrace":[{"declaringClass":"io.restassured.internal.ResponseSpecificationImpl","methodName":"validateResponseIfRequired","fileName":"ResponseSpecificationImpl.groovy","lineNumber":636},{"declaringClass":"io.restassured.internal.ResponseSpecificationImpl","methodName":"statusCode","fileName":"ResponseSpecificationImpl.groovy","lineNumber":122},{"declaringClass":"io.restassured.internal.ResponseSpecificationImpl","methodName":"statusCode","fileName":"ResponseSpecificationImpl.groovy","lineNumber":130},{"declaringClass":"io.restassured.internal.ValidatableResponseOptionsImpl","methodName":"statusCode","fileName":"ValidatableResponseOptionsImpl.java","lineNumber":117},{"declaringClass":"com.localhost.studentinfo.StudentCRUDTestWithSteps","methodName":"test003","fileName":"StudentCRUDTestWithSteps.java","lineNumber":57}]},"testFailureClassname":"java.lang.AssertionError","testFailureMessage":"1 expectation failed.\nExpected status code \u003c200\u003e but was \u003c500\u003e.\n","testFailureSummary":"FAILURE;java.lang.AssertionError;1 expectation failed.\nExpected status code \u003c200\u003e but was \u003c500\u003e.\n;ResponseSpecificationImpl.groovy","projectKey":"","annotatedResult":"FAILURE","manual":false,"testSource":"JUnit","result":"FAILURE"}